<?xml version="1.0" encoding="UTF-8"?>
<testng-results ignored="0" total="1" passed="1" failed="0" skipped="0">
  <reporter-output>
  </reporter-output>
  <suite started-at="2021-09-15T19:53:22 SAST" name="Default suite" finished-at="2021-09-15T19:53:48 SAST" duration-ms="25403">
    <groups>
    </groups>
    <test started-at="2021-09-15T19:53:22 SAST" name="Default test" finished-at="2021-09-15T19:53:48 SAST" duration-ms="25403">
      <class name="Academy.ValidateTitle">
        <test-method is-config="true" signature="initialize()[pri:0, instance:Academy.ValidateTitle@28d18df5]" started-at="2021-09-15T19:53:22 SAST" name="initialize" finished-at="2021-09-15T19:53:47 SAST" duration-ms="24949" status="PASS">
          <reporter-output>
          </reporter-output>
        </test-method> <!-- initialize -->
        <test-method signature="baseTestNavigation()[pri:0, instance:Academy.ValidateTitle@28d18df5]" started-at="2021-09-15T19:53:47 SAST" name="baseTestNavigation" finished-at="2021-09-15T19:53:48 SAST" duration-ms="232" status="PASS">
          <reporter-output>
          </reporter-output>
        </test-method> <!-- baseTestNavigation -->
        <test-method is-config="true" signature="teardown()[pri:0, instance:Academy.ValidateTitle@28d18df5]" started-at="2021-09-15T19:53:48 SAST" name="teardown" finished-at="2021-09-15T19:53:48 SAST" duration-ms="158" status="PASS">
          <reporter-output>
          </reporter-output>
        </test-method> <!-- teardown -->
      </class> <!-- Academy.ValidateTitle -->
    </test> <!-- Default test -->
  </suite> <!-- Default suite -->
</testng-results>
